TN:
SF:src\controllers\users-controller.ts
FN:4,(anonymous_7)
FNF:1
FNH:1
FNDA:1,(anonymous_7)
DA:3,1
DA:5,1
LF:2
LH:2
BRF:0
BRH:0
end_of_record
TN:
SF:src\prisma\prisma.ts
FN:5,(anonymous_7)
FN:5,(anonymous_8)
FN:10,(anonymous_9)
FN:10,(anonymous_10)
FNF:4
FNH:0
FNDA:0,(anonymous_7)
FNDA:0,(anonymous_8)
FNDA:0,(anonymous_9)
FNDA:0,(anonymous_10)
DA:1,1
DA:3,1
DA:5,1
DA:6,0
DA:7,0
DA:10,1
DA:11,0
DA:12,0
DA:15,1
LF:9
LH:5
BRF:0
BRH:0
end_of_record
TN:
SF:src\repositories\users-repository.ts
FN:8,(anonymous_8)
FN:12,(anonymous_9)
FN:16,(anonymous_11)
FN:22,(anonymous_13)
FN:28,(anonymous_15)
FN:35,(anonymous_17)
FN:41,(anonymous_19)
FN:47,(anonymous_21)
FNF:8
FNH:8
FNDA:1,(anonymous_8)
FNDA:2,(anonymous_9)
FNDA:2,(anonymous_11)
FNDA:2,(anonymous_13)
FNDA:2,(anonymous_15)
FNDA:2,(anonymous_17)
FNDA:2,(anonymous_19)
FNDA:2,(anonymous_21)
DA:2,1
DA:5,1
DA:9,1
DA:13,2
DA:17,2
DA:23,2
DA:29,2
DA:36,2
DA:42,2
DA:48,2
LF:10
LH:10
BRF:0
BRH:0
end_of_record
